2026-04-18 11:32:24.783 +03:00 [INF] Now listening on: http://localhost:5028
2026-04-18 11:32:24.820 +03:00 [INF] Application started. Press Ctrl+C to shut down.
2026-04-18 11:32:24.820 +03:00 [INF] Hosting environment: Development
2026-04-18 11:32:24.820 +03:00 [INF] Content root path: /Users/mesut/Gateonix/Paygate.API/Paygate.API
2026-04-18 11:32:25.891 +03:00 [INF] Request starting HTTP/1.1 GET http://localhost:5028/swagger/index.html - null null
2026-04-18 11:32:26.015 +03:00 [INF] Request finished HTTP/1.1 GET http://localhost:5028/swagger/index.html - 200 null text/html;charset=utf-8 124.0601ms
2026-04-18 11:32:26.109 +03:00 [INF] Request starting HTTP/1.1 GET http://localhost:5028/swagger/swagger-ui.css - null null
2026-04-18 11:32:26.109 +03:00 [INF] Request starting HTTP/1.1 GET http://localhost:5028/swagger/swagger-ui-bundle.js - null null
2026-04-18 11:32:26.109 +03:00 [INF] Request starting HTTP/1.1 GET http://localhost:5028/swagger/swagger-ui-standalone-preset.js - null null
2026-04-18 11:32:26.177 +03:00 [INF] Sending file. Request path: '/swagger-ui.css'. Physical path: 'N/A'
2026-04-18 11:32:26.178 +03:00 [INF] Sending file. Request path: '/swagger-ui-standalone-preset.js'. Physical path: 'N/A'
2026-04-18 11:32:26.184 +03:00 [INF] Request finished HTTP/1.1 GET http://localhost:5028/swagger/swagger-ui-standalone-preset.js - 200 230280 text/javascript 75.5732ms
2026-04-18 11:32:26.185 +03:00 [INF] Request finished HTTP/1.1 GET http://localhost:5028/swagger/swagger-ui.css - 200 152034 text/css 77.4223ms
2026-04-18 11:32:26.190 +03:00 [INF] Sending file. Request path: '/swagger-ui-bundle.js'. Physical path: 'N/A'
2026-04-18 11:32:26.191 +03:00 [INF] Request finished HTTP/1.1 GET http://localhost:5028/swagger/swagger-ui-bundle.js - 200 1456926 text/javascript 82.3475ms
2026-04-18 11:32:26.287 +03:00 [INF] Request starting HTTP/1.1 GET http://localhost:5028/swagger/v1/swagger.json - null null
2026-04-18 11:32:26.369 +03:00 [INF] Request finished HTTP/1.1 GET http://localhost:5028/swagger/v1/swagger.json - 200 null application/json;charset=utf-8 81.2788ms
2026-04-18 11:32:31.132 +03:00 [INF] Request starting HTTP/1.1 POST http://localhost:5028/api/Payment/process - application/json 93
2026-04-18 11:32:31.158 +03:00 [WRN] Failed to determine the https port for redirect.
2026-04-18 11:32:31.160 +03:00 [INF] Executing endpoint 'Paygate.API.Controllers.PaymentController.ProcessPayment (Paygate.API)'
2026-04-18 11:32:31.191 +03:00 [INF] Route matched with {action = "ProcessPayment", controller = "Payment"}. Executing controller action with signature System.Threading.Tasks.Task`1[Microsoft.AspNetCore.Mvc.IActionResult] ProcessPayment(Paygate.Application.Payment.Commands.ProcessPaymentCommand) on controller Paygate.API.Controllers.PaymentController (Paygate.API).
2026-04-18 11:32:31.258 +03:00 [INF] Executing action method Paygate.API.Controllers.PaymentController.ProcessPayment (Paygate.API) - Validation state: "Valid"
2026-04-18 11:32:31.265 +03:00 [INF] Payment successful...
2026-04-18 11:32:31.269 +03:00 [INF] Executed action method Paygate.API.Controllers.PaymentController.ProcessPayment (Paygate.API), returned result Microsoft.AspNetCore.Mvc.OkObjectResult in 8.6437ms.
2026-04-18 11:32:31.271 +03:00 [INF] Executing OkObjectResult, writing value of type 'Paygate.Application.Shared.Results.Result`1[[Paygate.Application.Payment.Dtos.PaymentResponse, Paygate.Application, Version=1.0.0.0, Culture=neutral, PublicKeyToken=null]]'.
2026-04-18 11:32:31.282 +03:00 [INF] Executed action Paygate.API.Controllers.PaymentController.ProcessPayment (Paygate.API) in 88.9591ms
2026-04-18 11:32:31.283 +03:00 [INF] Executed endpoint 'Paygate.API.Controllers.PaymentController.ProcessPayment (Paygate.API)'
2026-04-18 11:32:31.283 +03:00 [INF] Request finished HTTP/1.1 POST http://localhost:5028/api/Payment/process - 200 null application/json; charset=utf-8 150.8514ms
2026-04-18 11:32:41.103 +03:00 [INF] Request starting HTTP/1.1 POST http://localhost:5028/api/Payment/23691aeb-b974-4be6-b762-311ab0422e45/cancel - null 0
2026-04-18 11:32:41.108 +03:00 [INF] Executing endpoint 'Paygate.API.Controllers.PaymentController.CancelPayment (Paygate.API)'
2026-04-18 11:32:41.113 +03:00 [INF] Route matched with {action = "CancelPayment", controller = "Payment"}. Executing controller action with signature System.Threading.Tasks.Task`1[Microsoft.AspNetCore.Mvc.IActionResult] CancelPayment(System.Guid) on controller Paygate.API.Controllers.PaymentController (Paygate.API).
2026-04-18 11:32:41.115 +03:00 [INF] Executing action method Paygate.API.Controllers.PaymentController.CancelPayment (Paygate.API) - Validation state: "Valid"
2026-04-18 11:32:41.119 +03:00 [INF] Executed action method Paygate.API.Controllers.PaymentController.CancelPayment (Paygate.API), returned result Microsoft.AspNetCore.Mvc.OkObjectResult in 3.1704ms.
2026-04-18 11:32:41.119 +03:00 [INF] Executing OkObjectResult, writing value of type 'Paygate.Application.Shared.Results.Result`1[[Paygate.Application.Payment.Dtos.PaymentResponse, Paygate.Application, Version=1.0.0.0, Culture=neutral, PublicKeyToken=null]]'.
2026-04-18 11:32:41.120 +03:00 [INF] Executed action Paygate.API.Controllers.PaymentController.CancelPayment (Paygate.API) in 6.2339ms
2026-04-18 11:32:41.120 +03:00 [INF] Executed endpoint 'Paygate.API.Controllers.PaymentController.CancelPayment (Paygate.API)'
2026-04-18 11:32:41.120 +03:00 [INF] Request finished HTTP/1.1 POST http://localhost:5028/api/Payment/23691aeb-b974-4be6-b762-311ab0422e45/cancel - 200 null application/json; charset=utf-8 17.4414ms
2026-04-18 11:32:46.391 +03:00 [INF] Request starting HTTP/1.1 POST http://localhost:5028/api/Payment/23691aeb-b974-4be6-b762-311ab0422e45/confirm - null 0
2026-04-18 11:32:46.403 +03:00 [INF] Executing endpoint 'Paygate.API.Controllers.PaymentController.ConfirmPayment (Paygate.API)'
2026-04-18 11:32:46.415 +03:00 [INF] Route matched with {action = "ConfirmPayment", controller = "Payment"}. Executing controller action with signature System.Threading.Tasks.Task`1[Microsoft.AspNetCore.Mvc.IActionResult] ConfirmPayment(System.Guid) on controller Paygate.API.Controllers.PaymentController (Paygate.API).
2026-04-18 11:32:46.416 +03:00 [INF] Executing action method Paygate.API.Controllers.PaymentController.ConfirmPayment (Paygate.API) - Validation state: "Valid"
2026-04-18 11:32:46.423 +03:00 [INF] Executed action method Paygate.API.Controllers.PaymentController.ConfirmPayment (Paygate.API), returned result Microsoft.AspNetCore.Mvc.OkObjectResult in 6.6865ms.
2026-04-18 11:32:46.424 +03:00 [INF] Executing OkObjectResult, writing value of type 'Paygate.Application.Shared.Results.Result`1[[Paygate.Application.Payment.Dtos.PaymentResponse, Paygate.Application, Version=1.0.0.0, Culture=neutral, PublicKeyToken=null]]'.
2026-04-18 11:32:46.424 +03:00 [INF] Executed action Paygate.API.Controllers.PaymentController.ConfirmPayment (Paygate.API) in 9.4097ms
2026-04-18 11:32:46.424 +03:00 [INF] Executed endpoint 'Paygate.API.Controllers.PaymentController.ConfirmPayment (Paygate.API)'
2026-04-18 11:32:46.425 +03:00 [INF] Request finished HTTP/1.1 POST http://localhost:5028/api/Payment/23691aeb-b974-4be6-b762-311ab0422e45/confirm - 200 null application/json; charset=utf-8 34.6393ms
2026-04-18 11:32:56.778 +03:00 [INF] Request starting HTTP/1.1 POST http://localhost:5028/api/Payment/refund - application/json 78
2026-04-18 11:32:56.781 +03:00 [INF] Executing endpoint 'Paygate.API.Controllers.PaymentController.RefundPayment (Paygate.API)'
2026-04-18 11:32:56.804 +03:00 [INF] Route matched with {action = "RefundPayment", controller = "Payment"}. Executing controller action with signature System.Threading.Tasks.Task`1[Microsoft.AspNetCore.Mvc.IActionResult] RefundPayment(Paygate.Application.Payment.Commands.RefundPaymentCommand) on controller Paygate.API.Controllers.PaymentController (Paygate.API).
2026-04-18 11:32:56.811 +03:00 [INF] Executing action method Paygate.API.Controllers.PaymentController.RefundPayment (Paygate.API) - Validation state: "Valid"
2026-04-18 11:32:56.813 +03:00 [INF] Executed action method Paygate.API.Controllers.PaymentController.RefundPayment (Paygate.API), returned result Microsoft.AspNetCore.Mvc.OkObjectResult in 2.2993ms.
2026-04-18 11:32:56.813 +03:00 [INF] Executing OkObjectResult, writing value of type 'Paygate.Application.Shared.Results.Result`1[[Paygate.Application.Payment.Dtos.PaymentResponse, Paygate.Application, Version=1.0.0.0, Culture=neutral, PublicKeyToken=null]]'.
2026-04-18 11:32:56.814 +03:00 [INF] Executed action Paygate.API.Controllers.PaymentController.RefundPayment (Paygate.API) in 9.6461ms
2026-04-18 11:32:56.814 +03:00 [INF] Executed endpoint 'Paygate.API.Controllers.PaymentController.RefundPayment (Paygate.API)'
2026-04-18 11:32:56.814 +03:00 [INF] Request finished HTTP/1.1 POST http://localhost:5028/api/Payment/refund - 200 null application/json; charset=utf-8 35.9259ms
2026-04-18 11:33:03.493 +03:00 [INF] Request starting HTTP/1.1 GET http://localhost:5028/api/Payment/23691aeb-b974-4be6-b762-311ab0422e45/status - null null
2026-04-18 11:33:03.496 +03:00 [INF] Executing endpoint 'Paygate.API.Controllers.PaymentController.GetPaymentStatus (Paygate.API)'
2026-04-18 11:33:03.505 +03:00 [INF] Route matched with {action = "GetPaymentStatus", controller = "Payment"}. Executing controller action with signature System.Threading.Tasks.Task`1[Microsoft.AspNetCore.Mvc.IActionResult] GetPaymentStatus(System.Guid) on controller Paygate.API.Controllers.PaymentController (Paygate.API).
2026-04-18 11:33:03.505 +03:00 [INF] Executing action method Paygate.API.Controllers.PaymentController.GetPaymentStatus (Paygate.API) - Validation state: "Valid"
2026-04-18 11:33:03.508 +03:00 [INF] Executed action method Paygate.API.Controllers.PaymentController.GetPaymentStatus (Paygate.API), returned result Microsoft.AspNetCore.Mvc.OkObjectResult in 2.4633ms.
2026-04-18 11:33:03.508 +03:00 [INF] Executing OkObjectResult, writing value of type 'Paygate.Application.Shared.Results.Result`1[[Paygate.Application.Payment.Dtos.PaymentStatusResponse, Paygate.Application, Version=1.0.0.0, Culture=neutral, PublicKeyToken=null]]'.
2026-04-18 11:33:03.510 +03:00 [INF] Executed action Paygate.API.Controllers.PaymentController.GetPaymentStatus (Paygate.API) in 4.7865ms
2026-04-18 11:33:03.510 +03:00 [INF] Executed endpoint 'Paygate.API.Controllers.PaymentController.GetPaymentStatus (Paygate.API)'
2026-04-18 11:33:03.510 +03:00 [INF] Request finished HTTP/1.1 GET http://localhost:5028/api/Payment/23691aeb-b974-4be6-b762-311ab0422e45/status - 200 null application/json; charset=utf-8 16.7213ms
